<?xml version="1.0" encoding="UTF-8"?>
<!-- Generated by org.testng.reporters.JUnitReportReporter -->
<testsuite skipped="0" hostname="DESKTOP-9LDA8LK" name="org.wordpress.tests.CheckValidLogin" tests="1" failures="0" timestamp="2021-03-15T22:21:06 EDT" time="6.582" errors="0">
  <testcase name="wordpresslogin" time="6.582" classname="org.wordpress.tests.CheckValidLogin"/>
  <system-out>
Success Login  </system-out>
</testsuite> <!-- org.wordpress.tests.CheckValidLogin -->
