<?xml version="1.0" encoding="UTF-8"?>
<!-- Generated by org.testng.reporters.JUnitReportReporter -->
<testsuite skipped="0" hostname="DESKTOP-9LDA8LK" name="CheckValidLogin" tests="1" failures="0" timestamp="2021-03-09T21:56:06 EST" time="7.708" errors="0">
  <testcase name="wordpresslogin" time="7.708" classname="CheckValidLogin"/>
  <system-out>
Success Login  </system-out>
</testsuite> <!-- CheckValidLogin -->
